<?xml version="1.0" encoding="UTF-8"?>
<!-- Generated by org.testng.reporters.JUnitReportReporter -->
<testsuite skipped="0" hostname="LAPTOP-9K153T17" name="Package1.CodeExecution" tests="1" failures="0" timestamp="22 Apr 2018 14:55:06 GMT" time="0.164" errors="0">
  <testcase name="helloWOrld" time="0.164" classname="Package1.CodeExecution"/>
</testsuite> <!-- Package1.CodeExecution -->
